PLINK v1.90b6.21 64-bit (19 Oct 2020)
Options in effect:
  --allow-extra-chr
  --double-id
  --out plink_out_structure_setophaga
  --pca 5
  --vcf ./setophaga.pop.structure.recode.vcf

Hostname: cpu-23-58
Working directory: /lustre/scratch/johruska/central_america_pine_oak/setophaga/03_vcf/combined_vcfs/structure
Start time: Wed May 28 14:03:50 2025

Random number seed: 1748459030
515562 MB RAM detected; reserving 257781 MB for main workspace.
--vcf: plink_out_structure_setophaga-temporary.bed +
plink_out_structure_setophaga-temporary.bim +
plink_out_structure_setophaga-temporary.fam written.
80940 variants loaded from .bim file.
5 people (0 males, 0 females, 5 ambiguous) loaded from .fam.
Ambiguous sex IDs written to plink_out_structure_setophaga.nosex .
Using up to 127 threads (change this with --threads).
Before main variant filters, 5 founders and 0 nonfounders present.
Calculating allele frequencies... done.
80940 variants and 5 people pass filters and QC.
Note: No phenotypes present.
Relationship matrix calculation complete.
--pca: Results saved to plink_out_structure_setophaga.eigenval and
plink_out_structure_setophaga.eigenvec .

End time: Wed May 28 14:03:50 2025
